<?xml version="1.0" encoding="UTF-8"?>
<!-- Generated by org.testng.reporters.JUnitReportReporter -->
<testsuite hostname="RexdeMacBook-Pro.local" name="org.b3log.solo.processor.InitProcessorTestCase" tests="2" failures="0" timestamp="27 Sep 2018 16:02:12 GMT" time="0.551" errors="0">
  <testcase name="initSolo" time="0.524" classname="org.b3log.solo.processor.InitProcessorTestCase"/>
  <testcase name="showInit" time="0.027" classname="org.b3log.solo.processor.InitProcessorTestCase"/>
</testsuite>
