<?xml version="1.0" encoding="UTF-8"?>
<!-- Generated by org.testng.reporters.JUnitReportReporter -->
<testsuite hostname="RexdeMacBook-Pro.local" name="org.b3log.solo.service.CommentQueryServiceTestCase" tests="3" failures="0" timestamp="27 Sep 2018 16:02:12 GMT" time="0.510" errors="0">
  <testcase name="init" time="0.492" classname="org.b3log.solo.service.CommentQueryServiceTestCase"/>
  <testcase name="getComments" time="0.014" classname="org.b3log.solo.service.CommentQueryServiceTestCase"/>
  <testcase name="getCommentsOnId" time="0.004" classname="org.b3log.solo.service.CommentQueryServiceTestCase"/>
</testsuite>
