<?xml version="1.0" encoding="UTF-8"?>
<!-- Generated by org.testng.reporters.JUnitReportReporter -->
<testsuite hostname="RexdeMacBook-Pro.local" name="org.b3log.solo.service.CommentMgmtServiceTestCase" tests="3" failures="0" timestamp="27 Sep 2018 16:02:12 GMT" time="0.904" errors="0">
  <testcase name="init" time="0.488" classname="org.b3log.solo.service.CommentMgmtServiceTestCase"/>
  <testcase name="addArticleComment" time="0.202" classname="org.b3log.solo.service.CommentMgmtServiceTestCase"/>
  <testcase name="addPageComment" time="0.214" classname="org.b3log.solo.service.CommentMgmtServiceTestCase"/>
</testsuite>
