<?xml version="1.0" encoding="UTF-8"?>
<!-- Generated by org.testng.reporters.JUnitReportReporter -->
<testsuite hostname="RexdeMacBook-Pro.local" name="org.b3log.solo.service.ArticleQueryServiceTestCase" tests="8" failures="0" timestamp="27 Sep 2018 16:02:12 GMT" time="0.507" errors="0">
  <testcase name="getArticleContent" time="0.008" classname="org.b3log.solo.service.ArticleQueryServiceTestCase"/>
  <testcase name="init" time="0.482" classname="org.b3log.solo.service.ArticleQueryServiceTestCase"/>
  <testcase name="getArticlesByArchiveDate" time="0.002" classname="org.b3log.solo.service.ArticleQueryServiceTestCase"/>
  <testcase name="getRecentArticles" time="0.001" classname="org.b3log.solo.service.ArticleQueryServiceTestCase"/>
  <testcase name="getArticleById" time="0.005" classname="org.b3log.solo.service.ArticleQueryServiceTestCase"/>
  <testcase name="getArticle" time="0.003" classname="org.b3log.solo.service.ArticleQueryServiceTestCase"/>
  <testcase name="searchKeyword" time="0.005" classname="org.b3log.solo.service.ArticleQueryServiceTestCase"/>
  <testcase name="getArticlesByTag" time="0.001" classname="org.b3log.solo.service.ArticleQueryServiceTestCase"/>
</testsuite>
