<?xml version="1.0" encoding="UTF-8"?>
<!-- Generated by org.testng.reporters.JUnitReportReporter -->
<testsuite hostname="RexdeMacBook-Pro.local" name="org.b3log.solo.service.CategoryMgmtServiceTestCase" tests="5" failures="0" timestamp="27 Sep 2018 16:02:12 GMT" time="0.768" errors="0">
  <testcase name="addCategory" time="0.055" classname="org.b3log.solo.service.CategoryMgmtServiceTestCase"/>
  <testcase name="updateCategory" time="0.056" classname="org.b3log.solo.service.CategoryMgmtServiceTestCase"/>
  <testcase name="removeCategory" time="0.052" classname="org.b3log.solo.service.CategoryMgmtServiceTestCase"/>
  <testcase name="init" time="0.550" classname="org.b3log.solo.service.CategoryMgmtServiceTestCase"/>
  <testcase name="changeOrder" time="0.055" classname="org.b3log.solo.service.CategoryMgmtServiceTestCase"/>
</testsuite>
