<?xml version="1.0" encoding="UTF-8"?>
<!-- Generated by org.testng.reporters.JUnitReportReporter -->
<testsuite hostname="RexdeMacBook-Pro.local" name="org.b3log.solo.service.LinkMgmtServiceTestCase" tests="5" failures="0" timestamp="27 Sep 2018 16:02:12 GMT" time="0.725" errors="0">
  <testcase name="init" time="0.497" classname="org.b3log.solo.service.LinkMgmtServiceTestCase"/>
  <testcase name="changeOrder" time="0.058" classname="org.b3log.solo.service.LinkMgmtServiceTestCase"/>
  <testcase name="updateLink" time="0.059" classname="org.b3log.solo.service.LinkMgmtServiceTestCase"/>
  <testcase name="addLink" time="0.056" classname="org.b3log.solo.service.LinkMgmtServiceTestCase"/>
  <testcase name="removeLink" time="0.055" classname="org.b3log.solo.service.LinkMgmtServiceTestCase"/>
</testsuite>
