<?xml version="1.0" encoding="UTF-8"?>
<!-- Generated by org.testng.reporters.JUnitReportReporter -->
<testsuite hostname="RexdeMacBook-Pro.local" name="org.b3log.solo.service.PreferenceMgmtServiceTestCase" tests="3" failures="0" timestamp="27 Sep 2018 16:02:12 GMT" time="0.500" errors="0">
  <testcase name="updateReplyNotificationTemplate" time="0.002" classname="org.b3log.solo.service.PreferenceMgmtServiceTestCase"/>
  <testcase name="init" time="0.490" classname="org.b3log.solo.service.PreferenceMgmtServiceTestCase"/>
  <testcase name="updatePreference" time="0.008" classname="org.b3log.solo.service.PreferenceMgmtServiceTestCase"/>
</testsuite>
