<?xml version="1.0" encoding="UTF-8"?>
<!-- Generated by org.testng.reporters.JUnitReportReporter -->
<testsuite hostname="RexdeMacBook-Pro.local" name="org.b3log.solo.service.UserQueryServiceTestCase" tests="6" failures="0" timestamp="27 Sep 2018 16:02:12 GMT" time="0.056" errors="0">
  <testcase name="getUser" time="0.000" classname="org.b3log.solo.service.UserQueryServiceTestCase"/>
  <testcase name="addUser" time="0.055" classname="org.b3log.solo.service.UserQueryServiceTestCase"/>
  <testcase name="getUsers" time="0.001" classname="org.b3log.solo.service.UserQueryServiceTestCase"/>
  <testcase name="getLogoutURL" time="0.000" classname="org.b3log.solo.service.UserQueryServiceTestCase"/>
  <testcase name="getUserByEmail" time="0.000" classname="org.b3log.solo.service.UserQueryServiceTestCase"/>
  <testcase name="getLoginURL" time="0.000" classname="org.b3log.solo.service.UserQueryServiceTestCase"/>
</testsuite>
