<?xml version="1.0" encoding="UTF-8"?>
<!-- Generated by org.testng.reporters.JUnitReportReporter -->
<testsuite hostname="RexdeMacBook-Pro.local" name="org.b3log.solo.processor.SitemapProcessorTestCase" tests="2" failures="0" timestamp="27 Sep 2018 16:02:12 GMT" time="0.512" errors="0">
  <testcase name="init" time="0.495" classname="org.b3log.solo.processor.SitemapProcessorTestCase"/>
  <testcase name="blogArticlesAtom" time="0.017" classname="org.b3log.solo.processor.SitemapProcessorTestCase"/>
</testsuite>
