<?xml version="1.0" encoding="UTF-8"?>
<!-- Generated by org.testng.reporters.JUnitReportReporter -->
<testsuite hostname="RexdeMacBook-Pro.local" name="org.b3log.solo.processor.CommentProcessorTestCase" tests="3" failures="0" timestamp="27 Sep 2018 16:02:12 GMT" time="2.418" errors="0">
  <testcase name="addArticleComment" time="1.163" classname="org.b3log.solo.processor.CommentProcessorTestCase"/>
  <testcase name="init" time="0.677" classname="org.b3log.solo.processor.CommentProcessorTestCase"/>
  <testcase name="addPageComment" time="0.578" classname="org.b3log.solo.processor.CommentProcessorTestCase"/>
</testsuite>
