<?xml version="1.0" encoding="UTF-8"?>
<!-- Generated by org.testng.reporters.JUnitReportReporter -->
<testsuite hostname="RexdeMacBook-Pro.local" name="org.b3log.solo.service.UserMgmtServiceTestCase" tests="5" failures="0" timestamp="27 Sep 2018 16:02:12 GMT" time="0.111" errors="0">
  <testcase name="addUser" time="0.052" classname="org.b3log.solo.service.UserMgmtServiceTestCase"/>
  <testcase name="XSSUser" time="0.001" classname="org.b3log.solo.service.UserMgmtServiceTestCase"/>
  <testcase name="validUser" time="0.001" classname="org.b3log.solo.service.UserMgmtServiceTestCase"/>
  <testcase name="updateUser" time="0.056" classname="org.b3log.solo.service.UserMgmtServiceTestCase"/>
  <testcase name="removeUser" time="0.001" classname="org.b3log.solo.service.UserMgmtServiceTestCase"/>
</testsuite>
