<?xml version="1.0" encoding="UTF-8"?>
<!-- Generated by org.testng.reporters.JUnitReportReporter -->
<testsuite hostname="RexdeMacBook-Pro.local" name="org.b3log.solo.processor.console.CategoryConsoleTestCase" tests="3" failures="0" timestamp="27 Sep 2018 16:02:12 GMT" time="0.747" errors="0">
  <testcase name="init" time="0.516" classname="org.b3log.solo.processor.console.CategoryConsoleTestCase"/>
  <testcase name="addCategory" time="0.138" classname="org.b3log.solo.processor.console.CategoryConsoleTestCase"/>
  <testcase name="updateCategory" time="0.093" classname="org.b3log.solo.processor.console.CategoryConsoleTestCase"/>
</testsuite>
