<?xml version="1.0" encoding="UTF-8"?>
<!-- Generated by org.testng.reporters.JUnitReportReporter -->
<testsuite hostname="RexdeMacBook-Pro.local" name="org.b3log.solo.processor.FeedProcessorTestCase" tests="5" failures="0" timestamp="27 Sep 2018 16:02:12 GMT" time="0.913" errors="0">
  <testcase name="tagArticlesAtom" time="0.033" classname="org.b3log.solo.processor.FeedProcessorTestCase"/>
  <testcase name="init" time="0.496" classname="org.b3log.solo.processor.FeedProcessorTestCase"/>
  <testcase name="blogArticlesAtom" time="0.295" classname="org.b3log.solo.processor.FeedProcessorTestCase"/>
  <testcase name="tagArticlesRSS" time="0.026" classname="org.b3log.solo.processor.FeedProcessorTestCase"/>
  <testcase name="blogArticlesRSS" time="0.063" classname="org.b3log.solo.processor.FeedProcessorTestCase"/>
</testsuite>
