<?xml version="1.0" encoding="UTF-8"?>
<!-- Generated by org.testng.reporters.JUnitReportReporter -->
<testsuite hostname="RexdeMacBook-Pro.local" name="org.b3log.solo.processor.ArticleProcessorTestCase" tests="12" failures="0" timestamp="27 Sep 2018 16:02:12 GMT" time="1.516" errors="0">
  <testcase name="showArchiveArticles" time="0.392" classname="org.b3log.solo.processor.ArticleProcessorTestCase"/>
  <testcase name="init" time="0.501" classname="org.b3log.solo.processor.ArticleProcessorTestCase"/>
  <testcase name="getArticlesByPage" time="0.038" classname="org.b3log.solo.processor.ArticleProcessorTestCase"/>
  <testcase name="getAuthorsArticlesByPage" time="0.035" classname="org.b3log.solo.processor.ArticleProcessorTestCase"/>
  <testcase name="getRelevantArticles" time="0.023" classname="org.b3log.solo.processor.ArticleProcessorTestCase"/>
  <testcase name="getArticleContent" time="0.051" classname="org.b3log.solo.processor.ArticleProcessorTestCase"/>
  <testcase name="getTagArticlesByPage" time="0.038" classname="org.b3log.solo.processor.ArticleProcessorTestCase"/>
  <testcase name="getArchivesArticlesByPage" time="0.280" classname="org.b3log.solo.processor.ArticleProcessorTestCase"/>
  <testcase name="getRandomArticles" time="0.021" classname="org.b3log.solo.processor.ArticleProcessorTestCase"/>
  <testcase name="showArticle" time="0.055" classname="org.b3log.solo.processor.ArticleProcessorTestCase"/>
  <testcase name="showArticlePwdForm" time="0.024" classname="org.b3log.solo.processor.ArticleProcessorTestCase"/>
  <testcase name="showAuthorArticles" time="0.058" classname="org.b3log.solo.processor.ArticleProcessorTestCase"/>
</testsuite>
