<?xml version="1.0" encoding="UTF-8"?>
<!-- Generated by org.testng.reporters.JUnitReportReporter -->
<testsuite hostname="RexdeMacBook-Pro.local" name="org.b3log.solo.processor.IndexProcessorTestCase" tests="4" failures="0" timestamp="27 Sep 2018 16:02:12 GMT" time="0.673" errors="0">
  <testcase name="showKillBrowser" time="0.039" classname="org.b3log.solo.processor.IndexProcessorTestCase"/>
  <testcase name="init" time="0.501" classname="org.b3log.solo.processor.IndexProcessorTestCase"/>
  <testcase name="showIndex" time="0.096" classname="org.b3log.solo.processor.IndexProcessorTestCase"/>
  <testcase name="register" time="0.037" classname="org.b3log.solo.processor.IndexProcessorTestCase"/>
</testsuite>
