<?xml version="1.0" encoding="UTF-8"?>
<!-- Generated by org.testng.reporters.JUnitReportReporter -->
<testsuite hostname="RexdeMacBook-Pro.local" name="org.b3log.solo.processor.PageProcessorTestCase" tests="2" failures="0" timestamp="27 Sep 2018 16:02:12 GMT" time="0.588" errors="0">
  <testcase name="showPage" time="0.084" classname="org.b3log.solo.processor.PageProcessorTestCase"/>
  <testcase name="init" time="0.504" classname="org.b3log.solo.processor.PageProcessorTestCase"/>
</testsuite>
