<?xml version="1.0" encoding="UTF-8"?>
<!-- Generated by org.testng.reporters.JUnitReportReporter -->
<testsuite hostname="RexdeMacBook-Pro.local" name="org.b3log.solo.repository.impl.UserRepositoryImplTestCase" tests="1" failures="0" timestamp="27 Sep 2018 16:02:12 GMT" time="0.115" errors="0">
  <testcase name="test" time="0.115" classname="org.b3log.solo.repository.impl.UserRepositoryImplTestCase"/>
</testsuite>
