<?xml version="1.0" encoding="UTF-8"?>
<!-- Generated by org.testng.reporters.JUnitReportReporter -->
<testsuite hostname="RexdeMacBook-Pro.local" name="org.b3log.solo.service.PageMgmtServiceTestCase" tests="5" failures="0" timestamp="27 Sep 2018 16:02:12 GMT" time="0.730" errors="0">
  <testcase name="changeOrder" time="0.058" classname="org.b3log.solo.service.PageMgmtServiceTestCase"/>
  <testcase name="removePage" time="0.071" classname="org.b3log.solo.service.PageMgmtServiceTestCase"/>
  <testcase name="init" time="0.484" classname="org.b3log.solo.service.PageMgmtServiceTestCase"/>
  <testcase name="updatePage" time="0.060" classname="org.b3log.solo.service.PageMgmtServiceTestCase"/>
  <testcase name="addPage" time="0.057" classname="org.b3log.solo.service.PageMgmtServiceTestCase"/>
</testsuite>
