<?xml version="1.0" encoding="UTF-8"?>
<!-- Generated by org.testng.reporters.JUnitReportReporter -->
<testsuite hostname="RexdeMacBook-Pro.local" name="org.b3log.solo.service.LinkQueryServiceTestCase" tests="3" failures="0" timestamp="27 Sep 2018 16:02:12 GMT" time="0.540" errors="0">
  <testcase name="getLinks" time="0.001" classname="org.b3log.solo.service.LinkQueryServiceTestCase"/>
  <testcase name="init" time="0.483" classname="org.b3log.solo.service.LinkQueryServiceTestCase"/>
  <testcase name="addLink" time="0.056" classname="org.b3log.solo.service.LinkQueryServiceTestCase"/>
</testsuite>
