<?xml version="1.0" encoding="UTF-8"?>
<!-- Generated by org.testng.reporters.JUnitReportReporter -->
<testsuite hostname="RexdeMacBook-Pro.local" name="org.b3log.solo.repository.impl.ArticleRepositoryImplTestCase" tests="8" failures="0" timestamp="27 Sep 2018 16:02:12 GMT" time="0.265" errors="0">
  <testcase name="add" time="0.066" classname="org.b3log.solo.repository.impl.ArticleRepositoryImplTestCase"/>
  <testcase name="isPublished" time="0.004" classname="org.b3log.solo.repository.impl.ArticleRepositoryImplTestCase"/>
  <testcase name="getMostViewCountArticles" time="0.060" classname="org.b3log.solo.repository.impl.ArticleRepositoryImplTestCase"/>
  <testcase name="getMostCommentArticles" time="0.061" classname="org.b3log.solo.repository.impl.ArticleRepositoryImplTestCase"/>
  <testcase name="getByPermalink" time="0.003" classname="org.b3log.solo.repository.impl.ArticleRepositoryImplTestCase"/>
  <testcase name="getRandomly" time="0.004" classname="org.b3log.solo.repository.impl.ArticleRepositoryImplTestCase"/>
  <testcase name="getRecentArticles" time="0.004" classname="org.b3log.solo.repository.impl.ArticleRepositoryImplTestCase"/>
  <testcase name="previousAndNext" time="0.063" classname="org.b3log.solo.repository.impl.ArticleRepositoryImplTestCase"/>
</testsuite>
