<?xml version="1.0" encoding="UTF-8"?>
<!-- Generated by org.testng.reporters.JUnitReportReporter -->
<testsuite hostname="RexdeMacBook-Pro.local" name="org.b3log.solo.processor.StatProcessorTestCase" tests="2" failures="0" timestamp="27 Sep 2018 16:02:12 GMT" time="0.525" errors="0">
  <testcase name="init" time="0.499" classname="org.b3log.solo.processor.StatProcessorTestCase"/>
  <testcase name="showIndex" time="0.026" classname="org.b3log.solo.processor.StatProcessorTestCase"/>
</testsuite>
