<?xml version="1.0" encoding="UTF-8"?>
<!-- Generated by org.testng.reporters.JUnitReportReporter -->
<testsuite hostname="RexdeMacBook-Pro.local" name="org.b3log.solo.service.ArchiveDateQueryServiceTestCase" tests="3" failures="0" timestamp="27 Sep 2018 16:02:12 GMT" time="0.646" errors="0">
  <testcase name="getByArchiveDateString" time="0.002" classname="org.b3log.solo.service.ArchiveDateQueryServiceTestCase"/>
  <testcase name="getArchiveDates" time="0.001" classname="org.b3log.solo.service.ArchiveDateQueryServiceTestCase"/>
  <testcase name="init" time="0.643" classname="org.b3log.solo.service.ArchiveDateQueryServiceTestCase"/>
</testsuite>
