<?xml version="1.0" encoding="UTF-8"?>
<!-- Generated by org.testng.reporters.JUnitReportReporter -->
<testsuite hostname="RexdeMacBook-Pro.local" name="org.b3log.solo.service.TagQueryServiceTestCase" tests="3" failures="0" timestamp="27 Sep 2018 16:02:12 GMT" time="0.485" errors="0">
  <testcase name="getTagByTitle" time="0.000" classname="org.b3log.solo.service.TagQueryServiceTestCase"/>
  <testcase name="init" time="0.484" classname="org.b3log.solo.service.TagQueryServiceTestCase"/>
  <testcase name="getTags" time="0.001" classname="org.b3log.solo.service.TagQueryServiceTestCase"/>
</testsuite>
