<?xml version="1.0" encoding="UTF-8"?>
<!-- Generated by org.testng.reporters.JUnitReportReporter -->
<testsuite hostname="RexdeMacBook-Pro.local" name="org.b3log.solo.repository.impl.ArchiveDateArticleRepositoryImplTestCase" tests="3" failures="0" timestamp="27 Sep 2018 16:02:12 GMT" time="0.113" errors="0">
  <testcase name="getByArticleId" time="0.002" classname="org.b3log.solo.repository.impl.ArchiveDateArticleRepositoryImplTestCase"/>
  <testcase name="getByArchiveDateId" time="0.004" classname="org.b3log.solo.repository.impl.ArchiveDateArticleRepositoryImplTestCase"/>
  <testcase name="add" time="0.107" classname="org.b3log.solo.repository.impl.ArchiveDateArticleRepositoryImplTestCase"/>
</testsuite>
