<?xml version="1.0" encoding="UTF-8"?>
<!-- Generated by org.testng.reporters.JUnitReportReporter -->
<testsuite hostname="RexdeMacBook-Pro.local" name="org.b3log.solo.service.ArticleMgmtServiceTestCase" tests="8" failures="0" timestamp="27 Sep 2018 16:02:12 GMT" time="2.026" errors="0">
  <testcase name="init" time="0.493" classname="org.b3log.solo.service.ArticleMgmtServiceTestCase"/>
  <testcase name="cancelPublishArticle" time="0.278" classname="org.b3log.solo.service.ArticleMgmtServiceTestCase"/>
  <testcase name="removeArticle" time="0.277" classname="org.b3log.solo.service.ArticleMgmtServiceTestCase"/>
  <testcase name="updateArticle" time="0.267" classname="org.b3log.solo.service.ArticleMgmtServiceTestCase"/>
  <testcase name="updateArticlesRandomValue" time="0.006" classname="org.b3log.solo.service.ArticleMgmtServiceTestCase"/>
  <testcase name="addArticleWithoutPermalink" time="0.265" classname="org.b3log.solo.service.ArticleMgmtServiceTestCase"/>
  <testcase name="addArticle" time="0.435" classname="org.b3log.solo.service.ArticleMgmtServiceTestCase"/>
  <testcase name="topArticle" time="0.005" classname="org.b3log.solo.service.ArticleMgmtServiceTestCase"/>
</testsuite>
