<?xml version="1.0" encoding="UTF-8"?>
<!-- Generated by org.testng.reporters.JUnitReportReporter -->
<testsuite hostname="RexdeMacBook-Pro.local" name="org.b3log.solo.util.ImagesTestCase" tests="2" failures="0" timestamp="27 Sep 2018 16:02:12 GMT" time="0.004" errors="0">
  <testcase name="randImage" time="0.001" classname="org.b3log.solo.util.ImagesTestCase"/>
  <testcase name="randImages" time="0.003" classname="org.b3log.solo.util.ImagesTestCase"/>
</testsuite>
