<?xml version="1.0" encoding="UTF-8"?>
<!-- Generated by org.testng.reporters.JUnitReportReporter -->
<testsuite hostname="RexdeMacBook-Pro.local" name="org.b3log.solo.repository.impl.TagArticleRepositoryImplTestCase" tests="3" failures="0" timestamp="27 Sep 2018 16:02:12 GMT" time="0.059" errors="0">
  <testcase name="add" time="0.057" classname="org.b3log.solo.repository.impl.TagArticleRepositoryImplTestCase"/>
  <testcase name="getByArticleId" time="0.001" classname="org.b3log.solo.repository.impl.TagArticleRepositoryImplTestCase"/>
  <testcase name="getByTagId" time="0.001" classname="org.b3log.solo.repository.impl.TagArticleRepositoryImplTestCase"/>
</testsuite>
