<?xml version="1.0" encoding="UTF-8"?>
<!-- Generated by org.testng.reporters.JUnitReportReporter -->
<testsuite hostname="RexdeMacBook-Pro.local" name="org.b3log.solo.repository.impl.TagRepositoryImplTestCase" tests="4" failures="0" timestamp="27 Sep 2018 16:02:12 GMT" time="0.221" errors="0">
  <testcase name="getByTitle" time="0.002" classname="org.b3log.solo.repository.impl.TagRepositoryImplTestCase"/>
  <testcase name="getByArticleId" time="0.056" classname="org.b3log.solo.repository.impl.TagRepositoryImplTestCase"/>
  <testcase name="getMostUsedTags" time="0.107" classname="org.b3log.solo.repository.impl.TagRepositoryImplTestCase"/>
  <testcase name="add" time="0.056" classname="org.b3log.solo.repository.impl.TagRepositoryImplTestCase"/>
</testsuite>
