<?xml version="1.0" encoding="UTF-8"?>
<!-- Generated by org.testng.reporters.JUnitReportReporter -->
<testsuite hostname="RexdeMacBook-Pro.local" name="org.b3log.solo.repository.impl.PageRepositoryImplTestCase" tests="5" failures="0" timestamp="27 Sep 2018 16:02:12 GMT" time="0.173" errors="0">
  <testcase name="getUnderAndUpper" time="0.059" classname="org.b3log.solo.repository.impl.PageRepositoryImplTestCase"/>
  <testcase name="getByPermalink" time="0.001" classname="org.b3log.solo.repository.impl.PageRepositoryImplTestCase"/>
  <testcase name="add" time="0.056" classname="org.b3log.solo.repository.impl.PageRepositoryImplTestCase"/>
  <testcase name="getMaxOrder" time="0.056" classname="org.b3log.solo.repository.impl.PageRepositoryImplTestCase"/>
  <testcase name="getByOrder" time="0.001" classname="org.b3log.solo.repository.impl.PageRepositoryImplTestCase"/>
</testsuite>
