<?xml version="1.0" encoding="UTF-8"?>
<!-- Generated by org.testng.reporters.JUnitReportReporter -->
<testsuite hostname="RexdeMacBook-Pro.local" name="org.b3log.solo.processor.TagProcessorTestCase" tests="2" failures="0" timestamp="27 Sep 2018 16:02:12 GMT" time="0.572" errors="0">
  <testcase name="showTagArticles" time="0.074" classname="org.b3log.solo.processor.TagProcessorTestCase"/>
  <testcase name="init" time="0.498" classname="org.b3log.solo.processor.TagProcessorTestCase"/>
</testsuite>
