<?xml version="1.0" encoding="UTF-8"?>
<!-- Generated by org.testng.reporters.JUnitReportReporter -->
<testsuite hostname="RexdeMacBook-Pro.local" name="org.b3log.solo.processor.CaptchaProcessorTestCase" tests="2" failures="0" timestamp="27 Sep 2018 16:02:12 GMT" time="2.763" errors="0">
  <testcase name="init" time="0.550" classname="org.b3log.solo.processor.CaptchaProcessorTestCase"/>
  <testcase name="get" time="2.213" classname="org.b3log.solo.processor.CaptchaProcessorTestCase"/>
</testsuite>
