<?xml version="1.0" encoding="UTF-8"?>
<!-- Generated by org.testng.reporters.JUnitReportReporter -->
<testsuite hostname="RexdeMacBook-Pro.local" name="org.b3log.solo.processor.BlogProcessorTestCase" tests="4" failures="0" timestamp="27 Sep 2018 16:02:12 GMT" time="0.722" errors="0">
  <testcase name="init" time="0.533" classname="org.b3log.solo.processor.BlogProcessorTestCase"/>
  <testcase name="getBlogInfo" time="0.023" classname="org.b3log.solo.processor.BlogProcessorTestCase"/>
  <testcase name="getInterestTags" time="0.061" classname="org.b3log.solo.processor.BlogProcessorTestCase"/>
  <testcase name="getArticlesTags" time="0.105" classname="org.b3log.solo.processor.BlogProcessorTestCase"/>
</testsuite>
