<?xml version="1.0" encoding="UTF-8"?>
<!-- Generated by org.testng.reporters.JUnitReportReporter -->
<testsuite hostname="RexdeMacBook-Pro.local" name="org.b3log.solo.processor.LoginProcessorTestCase" tests="6" failures="0" timestamp="27 Sep 2018 16:02:12 GMT" time="0.639" errors="0">
  <testcase name="showForgot" time="0.018" classname="org.b3log.solo.processor.LoginProcessorTestCase"/>
  <testcase name="logout" time="0.023" classname="org.b3log.solo.processor.LoginProcessorTestCase"/>
  <testcase name="showLogin" time="0.018" classname="org.b3log.solo.processor.LoginProcessorTestCase"/>
  <testcase name="login" time="0.026" classname="org.b3log.solo.processor.LoginProcessorTestCase"/>
  <testcase name="forgot" time="0.051" classname="org.b3log.solo.processor.LoginProcessorTestCase"/>
  <testcase name="init" time="0.503" classname="org.b3log.solo.processor.LoginProcessorTestCase"/>
</testsuite>
