<?xml version="1.0" encoding="UTF-8"?>
<!-- Generated by org.testng.reporters.JUnitReportReporter -->
<testsuite hostname="RexdeMacBook-Pro.local" name="org.b3log.solo.service.PermalinkQueryServiceTestCase" tests="2" failures="0" timestamp="27 Sep 2018 16:02:12 GMT" time="0.002" errors="0">
  <testcase name="matchDefaultArticlePermalinkFormat" time="0.002" classname="org.b3log.solo.service.PermalinkQueryServiceTestCase"/>
  <testcase name="matchDefaultPagePermalinkFormat" time="0.000" classname="org.b3log.solo.service.PermalinkQueryServiceTestCase"/>
</testsuite>
