<?xml version="1.0" encoding="UTF-8"?>
<!-- Generated by org.testng.reporters.JUnitReportReporter -->
<testsuite hostname="RexdeMacBook-Pro.local" name="org.b3log.solo.service.PreferenceQueryServiceTestCase" tests="3" failures="0" timestamp="27 Sep 2018 16:02:12 GMT" time="0.492" errors="0">
  <testcase name="getReplyNotificationTemplate" time="0.000" classname="org.b3log.solo.service.PreferenceQueryServiceTestCase"/>
  <testcase name="init" time="0.490" classname="org.b3log.solo.service.PreferenceQueryServiceTestCase"/>
  <testcase name="getPreference" time="0.002" classname="org.b3log.solo.service.PreferenceQueryServiceTestCase"/>
</testsuite>
