<?xml version="1.0" encoding="UTF-8"?>
<!-- Generated by org.testng.reporters.JUnitReportReporter -->
<testsuite hostname="RexdeMacBook-Pro.local" name="org.b3log.solo.service.PageQueryServiceTestCase" tests="3" failures="0" timestamp="27 Sep 2018 16:02:12 GMT" time="0.547" errors="0">
  <testcase name="addPage" time="0.057" classname="org.b3log.solo.service.PageQueryServiceTestCase"/>
  <testcase name="init" time="0.489" classname="org.b3log.solo.service.PageQueryServiceTestCase"/>
  <testcase name="getPages" time="0.001" classname="org.b3log.solo.service.PageQueryServiceTestCase"/>
</testsuite>
