<?xml version="1.0" encoding="UTF-8"?>
<!-- Generated by org.testng.reporters.JUnitReportReporter -->
<testsuite hostname="RexdeMacBook-Pro.local" name="org.b3log.solo.service.TagMgmtServiceTestCase" tests="2" failures="0" timestamp="27 Sep 2018 16:02:12 GMT" time="0.498" errors="0">
  <testcase name="removeUnusedTags" time="0.001" classname="org.b3log.solo.service.TagMgmtServiceTestCase"/>
  <testcase name="init" time="0.497" classname="org.b3log.solo.service.TagMgmtServiceTestCase"/>
</testsuite>
